#
# There is insufficient memory for the Java Runtime Environment to continue.
# Native memory allocation (mmap) failed to map 117440512 bytes. Error detail: G1 virtual space
# Possible reasons:
#   The system is out of physical RAM or swap space
#   This process is running with CompressedOops enabled, and the Java Heap may be blocking the growth of the native heap
# Possible solutions:
#   Reduce memory load on the system
#   Increase physical memory or swap space
#   Check if swap backing store is full
#   Decrease Java heap size (-Xmx/-Xms)
#   Decrease number of Java threads
#   Decrease Java thread stack sizes (-Xss)
#   Set larger code cache with -XX:ReservedCodeCacheSize=
#   JVM is running with Unscaled Compressed Oops mode in which the Java heap is
#     placed in the first 4GB address space. The Java Heap base address is the
#     maximum limit for the native heap growth. Please use -XX:HeapBaseMinAddress
#     to set the Java Heap base and to place the Java Heap above 4GB virtual address.
# This output file may be truncated or incomplete.
#
#  Out of Memory Error (os_windows.cpp:3825), pid=8652, tid=1696
#
# JRE version:  (17.0.11) (build )
# Java VM: OpenJDK 64-Bit Server VM (17.0.11+0--11852314, mixed mode, sharing, tiered, compressed oops, compressed class ptrs, g1 gc, windows-amd64)
# No core dump will be written. Minidumps are not enabled by default on client versions of Windows
#

---------------  S U M M A R Y ------------

Command Line: org.jetbrains.kotlin.cli.jvm.K2JVMCompiler @C:\Users\UQ\AndroidStudioProjects\TajaMentawai\app\build\20241118_13839128173236242479.compiler.options

Host: Intel(R) Core(TM) i5-3330 CPU @ 3.00GHz, 4 cores, 6G,  Windows 10 , 64 bit Build 19041 (10.0.19041.3155)
Time: Mon Nov 18 00:25:01 2024 Pacific Standard Time elapsed time: 0.017822 seconds (0d 0h 0m 0s)

---------------  T H R E A D  ---------------

Current thread (0x00000182dd7a6180):  JavaThread "Unknown thread" [_thread_in_vm, id=1696, stack(0x0000007d4ef00000,0x0000007d4f000000)]

Stack: [0x0000007d4ef00000,0x0000007d4f000000]
Native frames: (J=compiled Java code, j=interpreted, Vv=VM code, C=native code)
V  [jvm.dll+0x687bb9]
V  [jvm.dll+0x84142a]
V  [jvm.dll+0x8430ae]
V  [jvm.dll+0x843713]
V  [jvm.dll+0x24a35f]
V  [jvm.dll+0x684989]
V  [jvm.dll+0x67923a]
V  [jvm.dll+0x30af0b]
V  [jvm.dll+0x3123b6]
V  [jvm.dll+0x361dfe]
V  [jvm.dll+0x36202f]
V  [jvm.dll+0x2e0d38]
V  [jvm.dll+0x2e1ca4]
V  [jvm.dll+0x811f21]
V  [jvm.dll+0x36fb68]
V  [jvm.dll+0x7f0896]
V  [jvm.dll+0x3f3d2f]
V  [jvm.dll+0x3f58e1]
C  [jli.dll+0x528f]
C  [ucrtbase.dll+0x21bb2]
C  [KERNEL32.DLL+0x17614]
C  [ntdll.dll+0x526b1]


---------------  P R O C E S S  ---------------

Threads class SMR info:
_java_thread_list=0x00007ffe09bfefd8, length=0, elements={
}

Java Threads: ( => current thread )

Other Threads:
  0x00000182dd7f81e0 GCTaskThread "GC Thread#0" [stack: 0x0000007d4f000000,0x0000007d4f100000] [id=3828]
  0x00000182dd806ff0 ConcurrentGCThread "G1 Main Marker" [stack: 0x0000007d4f100000,0x0000007d4f200000] [id=3328]
  0x00000182dd8081b0 ConcurrentGCThread "G1 Conc#0" [stack: 0x0000007d4f200000,0x0000007d4f300000] [id=4252]

[error occurred during error reporting (printing all threads), id 0xc0000005, EXCEPTION_ACCESS_VIOLATION (0xc0000005) at pc=0x00007ffe093b1907]

VM state: not at safepoint (not fully initialized)

VM Mutex/Monitor currently owned by a thread:  ([mutex/lock_event])
[0x00000182dd7a1c20] Heap_lock - owner thread: 0x00000182dd7a6180

Heap address: 0x0000000090a00000, size: 1782 MB, Compressed Oops mode: 32-bit

CDS archive(s) mapped at: [0x0000000000000000-0x0000000000000000-0x0000000000000000), size 0, SharedBaseAddress: 0x0000000800000000, ArchiveRelocationMode: 1.
Narrow klass base: 0x0000000000000000, Narrow klass shift: 0, Narrow klass range: 0x0

GC Precious Log:
<Empty>

Heap:
 garbage-first heap   total 0K, used 0K [0x0000000090a00000, 0x0000000100000000)
  region size 1024K, 0 young (0K), 0 survivors (0K)
 Metaspace       used 0K, committed 0K, reserved 0K
  class space    used 0K, committed 0K, reserved 0K

Heap Regions: E=young(eden), S=young(survivor), O=old, HS=humongous(starts), HC=humongous(continues), CS=collection set, F=free, OA=open archive, CA=closed archive, TAMS=top-at-mark-start (previous, next)

Card table byte_map: [0x00000182f0000000,0x00000182f0380000] _byte_map_base: 0x00000182efb7b000

Marking Bits (Prev, Next): (CMBitMap*) 0x00000182dd7f8800, (CMBitMap*) 0x00000182dd7f8840
 Prev Bits: [0x00000182f0700000, 0x00000182f22d8000)
 Next Bits: [0x00000182f22e0000, 0x00000182f3eb8000)

GC Heap History (0 events):
No events

Dll operation events (1 events):
Event: 0.007 Loaded shared library C:\Program Files\Android\Android Studio\jbr\bin\java.dll

Deoptimization events (0 events):
No events

Classes unloaded (0 events):
No events

Classes redefined (0 events):
No events

Internal exceptions (0 events):
No events

VM Operations (0 events):
No events

Events (0 events):
No events


Dynamic libraries:
0x00007ff6a5090000 - 0x00007ff6a509a000 	C:\Program Files\Android\Android Studio\jbr\bin\java.exe
0x00007ffe6ab30000 - 0x00007ffe6ad28000 	C:\Windows\SYSTEM32\ntdll.dll
0x00007ffe6a720000 - 0x00007ffe6a7df000 	C:\Windows\System32\KERNEL32.DLL
0x00007ffe68370000 - 0x00007ffe68666000 	C:\Windows\System32\KERNELBASE.dll
0x00007ffe65a50000 - 0x00007ffe65ae1000 	C:\Windows\SYSTEM32\apphelp.dll
0x00007ffe68830000 - 0x00007ffe68930000 	C:\Windows\System32\ucrtbase.dll
0x00007ffe47470000 - 0x00007ffe47487000 	C:\Program Files\Android\Android Studio\jbr\bin\jli.dll
0x00007ffe659c0000 - 0x00007ffe659db000 	C:\Program Files\Android\Android Studio\jbr\bin\VCRUNTIME140.dll
0x00007ffe6a850000 - 0x00007ffe6a9ed000 	C:\Windows\System32\USER32.dll
0x00007ffe68b60000 - 0x00007ffe68b82000 	C:\Windows\System32\win32u.dll
0x00007ffe6aac0000 - 0x00007ffe6aaec000 	C:\Windows\System32\GDI32.dll
0x00007ffe52080000 - 0x00007ffe5231a000 	C:\Windows\WinSxS\amd64_microsoft.windows.common-controls_6595b64144ccf1df_6.0.19041.1110_none_60b5254171f9507e\COMCTL32.dll
0x00007ffe68930000 - 0x00007ffe68a45000 	C:\Windows\System32\gdi32full.dll
0x00007ffe69960000 - 0x00007ffe699fe000 	C:\Windows\System32\msvcrt.dll
0x00007ffe686e0000 - 0x00007ffe6877d000 	C:\Windows\System32\msvcp_win.dll
0x00007ffe69030000 - 0x00007ffe69060000 	C:\Windows\System32\IMM32.DLL
0x00007ffe659b0000 - 0x00007ffe659bc000 	C:\Program Files\Android\Android Studio\jbr\bin\vcruntime140_1.dll
0x00007ffe5fa80000 - 0x00007ffe5fb0d000 	C:\Program Files\Android\Android Studio\jbr\bin\msvcp140.dll
0x00007ffe090c0000 - 0x00007ffe09d43000 	C:\Program Files\Android\Android Studio\jbr\bin\server\jvm.dll
0x00007ffe6a410000 - 0x00007ffe6a4bf000 	C:\Windows\System32\ADVAPI32.dll
0x00007ffe69060000 - 0x00007ffe690fc000 	C:\Windows\System32\sechost.dll
0x00007ffe6a4c0000 - 0x00007ffe6a5e6000 	C:\Windows\System32\RPCRT4.dll
0x00007ffe68060000 - 0x00007ffe680ab000 	C:\Windows\SYSTEM32\POWRPROF.dll
0x00007ffe63e20000 - 0x00007ffe63e29000 	C:\Windows\SYSTEM32\WSOCK32.dll
0x00007ffe53520000 - 0x00007ffe53547000 	C:\Windows\SYSTEM32\WINMM.dll
0x00007ffe69cd0000 - 0x00007ffe69d3b000 	C:\Windows\System32\WS2_32.dll
0x00007ffe5c1e0000 - 0x00007ffe5c1ea000 	C:\Windows\SYSTEM32\VERSION.dll
0x00007ffe68040000 - 0x00007ffe68052000 	C:\Windows\SYSTEM32\UMPDC.dll
0x00007ffe660d0000 - 0x00007ffe660e2000 	C:\Windows\SYSTEM32\kernel.appcore.dll
0x00007ffe506e0000 - 0x00007ffe506ea000 	C:\Program Files\Android\Android Studio\jbr\bin\jimage.dll
0x00007ffe589d0000 - 0x00007ffe58bb4000 	C:\Windows\SYSTEM32\DBGHELP.DLL
0x00007ffe58990000 - 0x00007ffe589c4000 	C:\Windows\SYSTEM32\dbgcore.DLL
0x00007ffe68aa0000 - 0x00007ffe68b22000 	C:\Windows\System32\bcryptPrimitives.dll
0x00007ffe4a3f0000 - 0x00007ffe4a415000 	C:\Program Files\Android\Android Studio\jbr\bin\java.dll

dbghelp: loaded successfully - version: 4.0.5 - missing functions: none
symbol engine: initialized successfully - sym options: 0x614 - pdb path: .;C:\Program Files\Android\Android Studio\jbr\bin;C:\Windows\SYSTEM32;C:\Windows\WinSxS\amd64_microsoft.windows.common-controls_6595b64144ccf1df_6.0.19041.1110_none_60b5254171f9507e;C:\Program Files\Android\Android Studio\jbr\bin\server

VM Arguments:
java_command: org.jetbrains.kotlin.cli.jvm.K2JVMCompiler @C:\Users\UQ\AndroidStudioProjects\TajaMentawai\app\build\20241118_13839128173236242479.compiler.options
java_class_path (initial): C:\Users\UQ\.gradle\caches\modules-2\files-2.1\org.jetbrains.kotlin\kotlin-compiler-embeddable\2.0.0\1de310de3446414381282ffc46c3ed3919a4d1da\kotlin-compiler-embeddable-2.0.0.jar;C:\Users\UQ\.gradle\caches\modules-2\files-2.1\org.jetbrains.kotlin\kotlin-stdlib\2.0.0\b48df2c4aede9586cc931ead433bc02d6fd7879e\kotlin-stdlib-2.0.0.jar;C:\Users\UQ\.gradle\caches\modules-2\files-2.1\org.jetbrains.kotlin\kotlin-script-runtime\2.0.0\fdc27dd047d592fa41d2dfa21e7621287a361612\kotlin-script-runtime-2.0.0.jar;C:\Users\UQ\.gradle\caches\modules-2\files-2.1\org.jetbrains.kotlin\kotlin-reflect\1.6.10\1cbe9c92c12a94eea200d23c2bbaedaf3daf5132\kotlin-reflect-1.6.10.jar;C:\Users\UQ\.gradle\caches\modules-2\files-2.1\org.jetbrains.kotlin\kotlin-daemon-embeddable\2.0.0\b39c612768614c4428c96ee9c65477181fffe9d\kotlin-daemon-embeddable-2.0.0.jar;C:\Users\UQ\.gradle\caches\modules-2\files-2.1\org.jetbrains.intellij.deps\trove4j\1.0.20200330\3afb14d5f9ceb459d724e907a21145e8ff394f02\trove4j-1.0.20200330.jar;C:\Users\UQ\.gradle\caches\modules-2\files-2.1\org.jetbrains\annotations\13.0\919f0dfe192fb4e063e7dacadee7f8bb9a2672a9\annotations-13.0.jar
Launcher Type: SUN_STANDARD

[Global flags]
     intx CICompilerCount                          = 3                                         {product} {ergonomic}
     uint ConcGCThreads                            = 1                                         {product} {ergonomic}
     uint G1ConcRefinementThreads                  = 4                                         {product} {ergonomic}
   size_t G1HeapRegionSize                         = 1048576                                   {product} {ergonomic}
    uintx GCDrainStackTargetSize                   = 64                                        {product} {ergonomic}
   size_t InitialHeapSize                          = 117440512                                 {product} {ergonomic}
   size_t MarkStackSize                            = 4194304                                   {product} {ergonomic}
   size_t MaxHeapSize                              = 1868562432                                {product} {ergonomic}
   size_t MinHeapDeltaBytes                        = 1048576                                   {product} {ergonomic}
   size_t MinHeapSize                              = 8388608                                   {product} {ergonomic}
    uintx NonNMethodCodeHeapSize                   = 5832780                                {pd product} {ergonomic}
    uintx NonProfiledCodeHeapSize                  = 122912730                              {pd product} {ergonomic}
    uintx ProfiledCodeHeapSize                     = 122912730                              {pd product} {ergonomic}
    uintx ReservedCodeCacheSize                    = 251658240                              {pd product} {ergonomic}
     bool SegmentedCodeCache                       = true                                      {product} {ergonomic}
   size_t SoftMaxHeapSize                          = 1868562432                             {manageable} {ergonomic}
     bool UseCompressedClassPointers               = true                           {product lp64_product} {ergonomic}
     bool UseCompressedOops                        = true                           {product lp64_product} {ergonomic}
     bool UseG1GC                                  = true                                      {product} {ergonomic}
     bool UseLargePagesIndividualAllocation        = false                                  {pd product} {ergonomic}

Logging:
Log output configuration:
 #0: stdout all=warning uptime,level,tags
 #1: stderr all=off uptime,level,tags

Environment Variables:
PATH=C:\Windows\system32;C:\Windows;C:\Windows\System32\Wbem;C:\Windows\System32\WindowsPowerShell\v1.0\;C:\Windows\System32\OpenSSH\;C:\Program Files\Git\cmd;C:\Users\UQ\AppData\Local\Microsoft\WindowsApps;C:\Users\UQ\AppData\Local\Programs\Microsoft VS Code\bin
USERNAME=UQ
OS=Windows_NT
PROCESSOR_IDENTIFIER=Intel64 Family 6 Model 58 Stepping 9, GenuineIntel
TMP=C:\Users\UQ\AppData\Local\Temp
TEMP=C:\Users\UQ\AppData\Local\Temp



Periodic native trim disabled

JNI global refs:
JNI global refs: 0, weak refs: 0

JNI global refs memory usage: 0, weak refs: 0

Process memory usage:
Resident Set Size: 11304K (0% of 7293352K total physical memory with 311084K free physical memory)

OOME stack traces (most recent first):
Classloader memory used:


---------------  S Y S T E M  ---------------

OS:
 Windows 10 , 64 bit Build 19041 (10.0.19041.3155)
OS uptime: 0 days 5:31 hours

CPU: total 4 (initial active 4) (4 cores per cpu, 1 threads per core) family 6 model 58 stepping 9 microcode 0x21, cx8, cmov, fxsr, mmx, sse, sse2, sse3, ssse3, sse4.1, sse4.2, popcnt, tsc, tscinvbit, avx, aes, erms, clmul, vzeroupper, clflush
Processor Information for all 4 processors :
  Max Mhz: 3001, Current Mhz: 3001, Mhz Limit: 3001

Memory: 4k page, system-wide physical 7122M (303M free)
TotalPageFile size 11125M (AvailPageFile size 96M)
current process WorkingSet (physical memory assigned to process): 11M, peak: 11M
current process commit charge ("private bytes"): 51M, peak: 163M

vm_info: OpenJDK 64-Bit Server VM (17.0.11+0--11852314) for windows-amd64 JRE (17.0.11+0--11852314), built on May 16 2024 21:29:20 by "androidbuild" with MS VC++ 16.10 / 16.11 (VS2019)

END.
